#
# A fatal error has been detected by the Java Runtime Environment:
#
#  Internal Error (macroAssembler_x86.cpp:864), pid=6976, tid=4036
#  fatal error: DEBUG MESSAGE: illegal bytecode sequence - method not verified
#
# JRE version: OpenJDK Runtime Environment Temurin-17.0.3+7 (17.0.3+7) (build 17.0.3+7)
# Java VM: OpenJDK 64-Bit Server VM Temurin-17.0.3+7 (17.0.3+7, mixed mode, tiered, compressed oops, compressed class ptrs, g1 gc, windows-amd64)
# No core dump will be written. Minidumps are not enabled by default on client versions of Windows
#
# If you would like to submit a bug report, please visit:
#   https://github.com/adoptium/adoptium-support/issues
#

---------------  S U M M A R Y ------------

Command Line: -Dfile.encoding=UTF-8 --module-path=F:\MySQLDBconnector\mysql-connector-java-8.0.29\mysql-connector-java-8.0.29.jar -XX:+ShowCodeDetailsInExceptionMessages JavaCrudBookStore

Host: Intel(R) Core(TM) i5-8250U CPU @ 1.60GHz, 4 cores, 7G,  Windows 10 , 64 bit Build 19041 (10.0.19041.1806)
Time: Thu Jul 21 14:48:48 2022 India Standard Time elapsed time: 1.011138 seconds (0d 0h 0m 1s)

---------------  T H R E A D  ---------------

Current thread (0x000001cb26559000):  JavaThread "AWT-EventQueue-0" [_thread_in_Java, id=4036, stack(0x0000007b86000000,0x0000007b86100000)]

Stack: [0x0000007b86000000,0x0000007b86100000]
Native frames: (J=compiled Java code, j=interpreted, Vv=VM code, C=native code)
V  [jvm.dll+0x675efa]
V  [jvm.dll+0x830a24]
V  [jvm.dll+0x8321ce]
V  [jvm.dll+0x2451df]
V  [jvm.dll+0x5aa3fe]
C  0x000001cb0f709077


---------------  P R O C E S S  ---------------

Threads class SMR info:
_java_thread_list=0x000001cb26509630, length=17, elements={
0x000001cb2569be60, 0x000001cb2569ccd0, 0x000001cb256f72a0, 0x000001cb256f8f70,
0x000001cb256f9920, 0x000001cb26002480, 0x000001cb26003db0, 0x000001cb26005030,
0x000001cb26039800, 0x000001cb2563ae00, 0x000001cb26304760, 0x000001cb2638c7d0,
0x000001cb26437ec0, 0x000001cb264b0420, 0x000001cb264b08f0, 0x000001cb26559000,
0x000001cb0c03de90
}

Java Threads: ( => current thread )
  0x000001cb2569be60 JavaThread "Reference Handler" daemon [_thread_blocked, id=7668, stack(0x0000007b84f00000,0x0000007b85000000)]
  0x000001cb2569ccd0 JavaThread "Finalizer" daemon [_thread_blocked, id=12924, stack(0x0000007b85000000,0x0000007b85100000)]
  0x000001cb256f72a0 JavaThread "Signal Dispatcher" daemon [_thread_blocked, id=7240, stack(0x0000007b85200000,0x0000007b85300000)]
  0x000001cb256f8f70 JavaThread "Attach Listener" daemon [_thread_blocked, id=11788, stack(0x0000007b85300000,0x0000007b85400000)]
  0x000001cb256f9920 JavaThread "Service Thread" daemon [_thread_blocked, id=10428, stack(0x0000007b85400000,0x0000007b85500000)]
  0x000001cb26002480 JavaThread "Monitor Deflation Thread" daemon [_thread_blocked, id=6596, stack(0x0000007b85500000,0x0000007b85600000)]
  0x000001cb26003db0 JavaThread "C2 CompilerThread0" daemon [_thread_blocked, id=10888, stack(0x0000007b85600000,0x0000007b85700000)]
  0x000001cb26005030 JavaThread "C1 CompilerThread0" daemon [_thread_blocked, id=8520, stack(0x0000007b85700000,0x0000007b85800000)]
  0x000001cb26039800 JavaThread "Sweeper thread" daemon [_thread_blocked, id=12272, stack(0x0000007b85800000,0x0000007b85900000)]
  0x000001cb2563ae00 JavaThread "Common-Cleaner" daemon [_thread_blocked, id=12260, stack(0x0000007b85900000,0x0000007b85a00000)]
  0x000001cb26304760 JavaThread "C2 CompilerThread1" daemon [_thread_blocked, id=252, stack(0x0000007b85a00000,0x0000007b85b00000)]
  0x000001cb2638c7d0 JavaThread "Notification Thread" daemon [_thread_blocked, id=11832, stack(0x0000007b85b00000,0x0000007b85c00000)]
  0x000001cb26437ec0 JavaThread "Java2D Disposer" daemon [_thread_blocked, id=2784, stack(0x0000007b85d00000,0x0000007b85e00000)]
  0x000001cb264b0420 JavaThread "AWT-Shutdown" [_thread_blocked, id=5124, stack(0x0000007b85e00000,0x0000007b85f00000)]
  0x000001cb264b08f0 JavaThread "AWT-Windows" daemon [_thread_in_native, id=10308, stack(0x0000007b85f00000,0x0000007b86000000)]
=>0x000001cb26559000 JavaThread "AWT-EventQueue-0" [_thread_in_Java, id=4036, stack(0x0000007b86000000,0x0000007b86100000)]
  0x000001cb0c03de90 JavaThread "DestroyJavaVM" [_thread_blocked, id=3964, stack(0x0000007b84800000,0x0000007b84900000)]

Other Threads:
  0x000001cb256956a0 VMThread "VM Thread" [stack: 0x0000007b84e00000,0x0000007b84f00000] [id=3360]
  0x000001cb0c0b3210 WatcherThread [stack: 0x0000007b85c00000,0x0000007b85d00000] [id=12652]
  0x000001cb0c094630 GCTaskThread "GC Thread#0" [stack: 0x0000007b84900000,0x0000007b84a00000] [id=11208]
  0x000001cb0c0a6d20 ConcurrentGCThread "G1 Main Marker" [stack: 0x0000007b84a00000,0x0000007b84b00000] [id=12664]
  0x000001cb0c0a8740 ConcurrentGCThread "G1 Conc#0" [stack: 0x0000007b84b00000,0x0000007b84c00000] [id=2296]
  0x000001cb25510090 ConcurrentGCThread "G1 Refine#0" [stack: 0x0000007b84c00000,0x0000007b84d00000] [id=6252]
  0x000001cb25510ab0 ConcurrentGCThread "G1 Service" [stack: 0x0000007b84d00000,0x0000007b84e00000] [id=10268]

Threads with active compile tasks:

VM state: not at safepoint (normal execution)

VM Mutex/Monitor currently owned by a thread: None

Heap address: 0x0000000082000000, size: 2016 MB, Compressed Oops mode: 32-bit

CDS archive(s) not mapped
Compressed class space mapped at: 0x0000000100000000-0x0000000140000000, reserved size: 1073741824
Narrow klass base: 0x0000000000000000, Narrow klass shift: 3, Narrow klass range: 0x140000000

GC Precious Log:
 CPUs: 4 total, 4 available
 Memory: 8060M
 Large Page Support: Disabled
 NUMA Support: Disabled
 Compressed Oops: Enabled (32-bit)
 Heap Region Size: 1M
 Heap Min Capacity: 8M
 Heap Initial Capacity: 126M
 Heap Max Capacity: 2016M
 Pre-touch: Disabled
 Parallel Workers: 4
 Concurrent Workers: 1
 Concurrent Refinement Workers: 4
 Periodic GC: Disabled

Heap:
 garbage-first heap   total 129024K, used 5120K [0x0000000082000000, 0x0000000100000000)
  region size 1024K, 6 young (6144K), 0 survivors (0K)
 Metaspace       used 10567K, committed 10688K, reserved 1064960K
  class space    used 987K, committed 1024K, reserved 1048576K

Heap Regions: E=young(eden), S=young(survivor), O=old, HS=humongous(starts), HC=humongous(continues), CS=collection set, F=free, OA=open archive, CA=closed archive, TAMS=top-at-mark-start (previous, next)
|   0|0x0000000082000000, 0x0000000082000000, 0x0000000082100000|  0%| F|  |TAMS 0x0000000082000000, 0x0000000082000000| Untracked 
|   1|0x0000000082100000, 0x0000000082100000, 0x0000000082200000|  0%| F|  |TAMS 0x0000000082100000, 0x0000000082100000| Untracked 
|   2|0x0000000082200000, 0x0000000082200000, 0x0000000082300000|  0%| F|  |TAMS 0x0000000082200000, 0x0000000082200000| Untracked 
|   3|0x0000000082300000, 0x0000000082300000, 0x0000000082400000|  0%| F|  |TAMS 0x0000000082300000, 0x0000000082300000| Untracked 
|   4|0x0000000082400000, 0x0000000082400000, 0x0000000082500000|  0%| F|  |TAMS 0x0000000082400000, 0x0000000082400000| Untracked 
|   5|0x0000000082500000, 0x0000000082500000, 0x0000000082600000|  0%| F|  |TAMS 0x0000000082500000, 0x0000000082500000| Untracked 
|   6|0x0000000082600000, 0x0000000082600000, 0x0000000082700000|  0%| F|  |TAMS 0x0000000082600000, 0x0000000082600000| Untracked 
|   7|0x0000000082700000, 0x0000000082700000, 0x0000000082800000|  0%| F|  |TAMS 0x0000000082700000, 0x0000000082700000| Untracked 
|   8|0x0000000082800000, 0x0000000082800000, 0x0000000082900000|  0%| F|  |TAMS 0x0000000082800000, 0x0000000082800000| Untracked 
|   9|0x0000000082900000, 0x0000000082900000, 0x0000000082a00000|  0%| F|  |TAMS 0x0000000082900000, 0x0000000082900000| Untracked 
|  10|0x0000000082a00000, 0x0000000082a00000, 0x0000000082b00000|  0%| F|  |TAMS 0x0000000082a00000, 0x0000000082a00000| Untracked 
|  11|0x0000000082b00000, 0x0000000082b00000, 0x0000000082c00000|  0%| F|  |TAMS 0x0000000082b00000, 0x0000000082b00000| Untracked 
|  12|0x0000000082c00000, 0x0000000082c00000, 0x0000000082d00000|  0%| F|  |TAMS 0x0000000082c00000, 0x0000000082c00000| Untracked 
|  13|0x0000000082d00000, 0x0000000082d00000, 0x0000000082e00000|  0%| F|  |TAMS 0x0000000082d00000, 0x0000000082d00000| Untracked 
|  14|0x0000000082e00000, 0x0000000082e00000, 0x0000000082f00000|  0%| F|  |TAMS 0x0000000082e00000, 0x0000000082e00000| Untracked 
|  15|0x0000000082f00000, 0x0000000082f00000, 0x0000000083000000|  0%| F|  |TAMS 0x0000000082f00000, 0x0000000082f00000| Untracked 
|  16|0x0000000083000000, 0x0000000083000000, 0x0000000083100000|  0%| F|  |TAMS 0x0000000083000000, 0x0000000083000000| Untracked 
|  17|0x0000000083100000, 0x0000000083100000, 0x0000000083200000|  0%| F|  |TAMS 0x0000000083100000, 0x0000000083100000| Untracked 
|  18|0x0000000083200000, 0x0000000083200000, 0x0000000083300000|  0%| F|  |TAMS 0x0000000083200000, 0x0000000083200000| Untracked 
|  19|0x0000000083300000, 0x0000000083300000, 0x0000000083400000|  0%| F|  |TAMS 0x0000000083300000, 0x0000000083300000| Untracked 
|  20|0x0000000083400000, 0x0000000083400000, 0x0000000083500000|  0%| F|  |TAMS 0x0000000083400000, 0x0000000083400000| Untracked 
|  21|0x0000000083500000, 0x0000000083500000, 0x0000000083600000|  0%| F|  |TAMS 0x0000000083500000, 0x0000000083500000| Untracked 
|  22|0x0000000083600000, 0x0000000083600000, 0x0000000083700000|  0%| F|  |TAMS 0x0000000083600000, 0x0000000083600000| Untracked 
|  23|0x0000000083700000, 0x0000000083700000, 0x0000000083800000|  0%| F|  |TAMS 0x0000000083700000, 0x0000000083700000| Untracked 
|  24|0x0000000083800000, 0x0000000083800000, 0x0000000083900000|  0%| F|  |TAMS 0x0000000083800000, 0x0000000083800000| Untracked 
|  25|0x0000000083900000, 0x0000000083900000, 0x0000000083a00000|  0%| F|  |TAMS 0x0000000083900000, 0x0000000083900000| Untracked 
|  26|0x0000000083a00000, 0x0000000083a00000, 0x0000000083b00000|  0%| F|  |TAMS 0x0000000083a00000, 0x0000000083a00000| Untracked 
|  27|0x0000000083b00000, 0x0000000083b00000, 0x0000000083c00000|  0%| F|  |TAMS 0x0000000083b00000, 0x0000000083b00000| Untracked 
|  28|0x0000000083c00000, 0x0000000083c00000, 0x0000000083d00000|  0%| F|  |TAMS 0x0000000083c00000, 0x0000000083c00000| Untracked 
|  29|0x0000000083d00000, 0x0000000083d00000, 0x0000000083e00000|  0%| F|  |TAMS 0x0000000083d00000, 0x0000000083d00000| Untracked 
|  30|0x0000000083e00000, 0x0000000083e00000, 0x0000000083f00000|  0%| F|  |TAMS 0x0000000083e00000, 0x0000000083e00000| Untracked 
|  31|0x0000000083f00000, 0x0000000083f00000, 0x0000000084000000|  0%| F|  |TAMS 0x0000000083f00000, 0x0000000083f00000| Untracked 
|  32|0x0000000084000000, 0x0000000084000000, 0x0000000084100000|  0%| F|  |TAMS 0x0000000084000000, 0x0000000084000000| Untracked 
|  33|0x0000000084100000, 0x0000000084100000, 0x0000000084200000|  0%| F|  |TAMS 0x0000000084100000, 0x0000000084100000| Untracked 
|  34|0x0000000084200000, 0x0000000084200000, 0x0000000084300000|  0%| F|  |TAMS 0x0000000084200000, 0x0000000084200000| Untracked 
|  35|0x0000000084300000, 0x0000000084300000, 0x0000000084400000|  0%| F|  |TAMS 0x0000000084300000, 0x0000000084300000| Untracked 
|  36|0x0000000084400000, 0x0000000084400000, 0x0000000084500000|  0%| F|  |TAMS 0x0000000084400000, 0x0000000084400000| Untracked 
|  37|0x0000000084500000, 0x0000000084500000, 0x0000000084600000|  0%| F|  |TAMS 0x0000000084500000, 0x0000000084500000| Untracked 
|  38|0x0000000084600000, 0x0000000084600000, 0x0000000084700000|  0%| F|  |TAMS 0x0000000084600000, 0x0000000084600000| Untracked 
|  39|0x0000000084700000, 0x0000000084700000, 0x0000000084800000|  0%| F|  |TAMS 0x0000000084700000, 0x0000000084700000| Untracked 
|  40|0x0000000084800000, 0x0000000084800000, 0x0000000084900000|  0%| F|  |TAMS 0x0000000084800000, 0x0000000084800000| Untracked 
|  41|0x0000000084900000, 0x0000000084900000, 0x0000000084a00000|  0%| F|  |TAMS 0x0000000084900000, 0x0000000084900000| Untracked 
|  42|0x0000000084a00000, 0x0000000084a00000, 0x0000000084b00000|  0%| F|  |TAMS 0x0000000084a00000, 0x0000000084a00000| Untracked 
|  43|0x0000000084b00000, 0x0000000084b00000, 0x0000000084c00000|  0%| F|  |TAMS 0x0000000084b00000, 0x0000000084b00000| Untracked 
|  44|0x0000000084c00000, 0x0000000084c00000, 0x0000000084d00000|  0%| F|  |TAMS 0x0000000084c00000, 0x0000000084c00000| Untracked 
|  45|0x0000000084d00000, 0x0000000084d00000, 0x0000000084e00000|  0%| F|  |TAMS 0x0000000084d00000, 0x0000000084d00000| Untracked 
|  46|0x0000000084e00000, 0x0000000084e00000, 0x0000000084f00000|  0%| F|  |TAMS 0x0000000084e00000, 0x0000000084e00000| Untracked 
|  47|0x0000000084f00000, 0x0000000084f00000, 0x0000000085000000|  0%| F|  |TAMS 0x0000000084f00000, 0x0000000084f00000| Untracked 
|  48|0x0000000085000000, 0x0000000085000000, 0x0000000085100000|  0%| F|  |TAMS 0x0000000085000000, 0x0000000085000000| Untracked 
|  49|0x0000000085100000, 0x0000000085100000, 0x0000000085200000|  0%| F|  |TAMS 0x0000000085100000, 0x0000000085100000| Untracked 
|  50|0x0000000085200000, 0x0000000085200000, 0x0000000085300000|  0%| F|  |TAMS 0x0000000085200000, 0x0000000085200000| Untracked 
|  51|0x0000000085300000, 0x0000000085300000, 0x0000000085400000|  0%| F|  |TAMS 0x0000000085300000, 0x0000000085300000| Untracked 
|  52|0x0000000085400000, 0x0000000085400000, 0x0000000085500000|  0%| F|  |TAMS 0x0000000085400000, 0x0000000085400000| Untracked 
|  53|0x0000000085500000, 0x0000000085500000, 0x0000000085600000|  0%| F|  |TAMS 0x0000000085500000, 0x0000000085500000| Untracked 
|  54|0x0000000085600000, 0x0000000085600000, 0x0000000085700000|  0%| F|  |TAMS 0x0000000085600000, 0x0000000085600000| Untracked 
|  55|0x0000000085700000, 0x0000000085700000, 0x0000000085800000|  0%| F|  |TAMS 0x0000000085700000, 0x0000000085700000| Untracked 
|  56|0x0000000085800000, 0x0000000085800000, 0x0000000085900000|  0%| F|  |TAMS 0x0000000085800000, 0x0000000085800000| Untracked 
|  57|0x0000000085900000, 0x0000000085900000, 0x0000000085a00000|  0%| F|  |TAMS 0x0000000085900000, 0x0000000085900000| Untracked 
|  58|0x0000000085a00000, 0x0000000085a00000, 0x0000000085b00000|  0%| F|  |TAMS 0x0000000085a00000, 0x0000000085a00000| Untracked 
|  59|0x0000000085b00000, 0x0000000085b00000, 0x0000000085c00000|  0%| F|  |TAMS 0x0000000085b00000, 0x0000000085b00000| Untracked 
|  60|0x0000000085c00000, 0x0000000085c00000, 0x0000000085d00000|  0%| F|  |TAMS 0x0000000085c00000, 0x0000000085c00000| Untracked 
|  61|0x0000000085d00000, 0x0000000085d00000, 0x0000000085e00000|  0%| F|  |TAMS 0x0000000085d00000, 0x0000000085d00000| Untracked 
|  62|0x0000000085e00000, 0x0000000085e00000, 0x0000000085f00000|  0%| F|  |TAMS 0x0000000085e00000, 0x0000000085e00000| Untracked 
|  63|0x0000000085f00000, 0x0000000085f00000, 0x0000000086000000|  0%| F|  |TAMS 0x0000000085f00000, 0x0000000085f00000| Untracked 
|  64|0x0000000086000000, 0x0000000086000000, 0x0000000086100000|  0%| F|  |TAMS 0x0000000086000000, 0x0000000086000000| Untracked 
|  65|0x0000000086100000, 0x0000000086100000, 0x0000000086200000|  0%| F|  |TAMS 0x0000000086100000, 0x0000000086100000| Untracked 
|  66|0x0000000086200000, 0x0000000086200000, 0x0000000086300000|  0%| F|  |TAMS 0x0000000086200000, 0x0000000086200000| Untracked 
|  67|0x0000000086300000, 0x0000000086300000, 0x0000000086400000|  0%| F|  |TAMS 0x0000000086300000, 0x0000000086300000| Untracked 
|  68|0x0000000086400000, 0x0000000086400000, 0x0000000086500000|  0%| F|  |TAMS 0x0000000086400000, 0x0000000086400000| Untracked 
|  69|0x0000000086500000, 0x0000000086500000, 0x0000000086600000|  0%| F|  |TAMS 0x0000000086500000, 0x0000000086500000| Untracked 
|  70|0x0000000086600000, 0x0000000086600000, 0x0000000086700000|  0%| F|  |TAMS 0x0000000086600000, 0x0000000086600000| Untracked 
|  71|0x0000000086700000, 0x0000000086700000, 0x0000000086800000|  0%| F|  |TAMS 0x0000000086700000, 0x0000000086700000| Untracked 
|  72|0x0000000086800000, 0x0000000086800000, 0x0000000086900000|  0%| F|  |TAMS 0x0000000086800000, 0x0000000086800000| Untracked 
|  73|0x0000000086900000, 0x0000000086900000, 0x0000000086a00000|  0%| F|  |TAMS 0x0000000086900000, 0x0000000086900000| Untracked 
|  74|0x0000000086a00000, 0x0000000086a00000, 0x0000000086b00000|  0%| F|  |TAMS 0x0000000086a00000, 0x0000000086a00000| Untracked 
|  75|0x0000000086b00000, 0x0000000086b00000, 0x0000000086c00000|  0%| F|  |TAMS 0x0000000086b00000, 0x0000000086b00000| Untracked 
|  76|0x0000000086c00000, 0x0000000086c00000, 0x0000000086d00000|  0%| F|  |TAMS 0x0000000086c00000, 0x0000000086c00000| Untracked 
|  77|0x0000000086d00000, 0x0000000086d00000, 0x0000000086e00000|  0%| F|  |TAMS 0x0000000086d00000, 0x0000000086d00000| Untracked 
|  78|0x0000000086e00000, 0x0000000086e00000, 0x0000000086f00000|  0%| F|  |TAMS 0x0000000086e00000, 0x0000000086e00000| Untracked 
|  79|0x0000000086f00000, 0x0000000086f00000, 0x0000000087000000|  0%| F|  |TAMS 0x0000000086f00000, 0x0000000086f00000| Untracked 
|  80|0x0000000087000000, 0x0000000087000000, 0x0000000087100000|  0%| F|  |TAMS 0x0000000087000000, 0x0000000087000000| Untracked 
|  81|0x0000000087100000, 0x0000000087100000, 0x0000000087200000|  0%| F|  |TAMS 0x0000000087100000, 0x0000000087100000| Untracked 
|  82|0x0000000087200000, 0x0000000087200000, 0x0000000087300000|  0%| F|  |TAMS 0x0000000087200000, 0x0000000087200000| Untracked 
|  83|0x0000000087300000, 0x0000000087300000, 0x0000000087400000|  0%| F|  |TAMS 0x0000000087300000, 0x0000000087300000| Untracked 
|  84|0x0000000087400000, 0x0000000087400000, 0x0000000087500000|  0%| F|  |TAMS 0x0000000087400000, 0x0000000087400000| Untracked 
|  85|0x0000000087500000, 0x0000000087500000, 0x0000000087600000|  0%| F|  |TAMS 0x0000000087500000, 0x0000000087500000| Untracked 
|  86|0x0000000087600000, 0x0000000087600000, 0x0000000087700000|  0%| F|  |TAMS 0x0000000087600000, 0x0000000087600000| Untracked 
|  87|0x0000000087700000, 0x0000000087700000, 0x0000000087800000|  0%| F|  |TAMS 0x0000000087700000, 0x0000000087700000| Untracked 
|  88|0x0000000087800000, 0x0000000087800000, 0x0000000087900000|  0%| F|  |TAMS 0x0000000087800000, 0x0000000087800000| Untracked 
|  89|0x0000000087900000, 0x0000000087900000, 0x0000000087a00000|  0%| F|  |TAMS 0x0000000087900000, 0x0000000087900000| Untracked 
|  90|0x0000000087a00000, 0x0000000087a00000, 0x0000000087b00000|  0%| F|  |TAMS 0x0000000087a00000, 0x0000000087a00000| Untracked 
|  91|0x0000000087b00000, 0x0000000087b00000, 0x0000000087c00000|  0%| F|  |TAMS 0x0000000087b00000, 0x0000000087b00000| Untracked 
|  92|0x0000000087c00000, 0x0000000087c00000, 0x0000000087d00000|  0%| F|  |TAMS 0x0000000087c00000, 0x0000000087c00000| Untracked 
|  93|0x0000000087d00000, 0x0000000087d00000, 0x0000000087e00000|  0%| F|  |TAMS 0x0000000087d00000, 0x0000000087d00000| Untracked 
|  94|0x0000000087e00000, 0x0000000087e00000, 0x0000000087f00000|  0%| F|  |TAMS 0x0000000087e00000, 0x0000000087e00000| Untracked 
|  95|0x0000000087f00000, 0x0000000087f00000, 0x0000000088000000|  0%| F|  |TAMS 0x0000000087f00000, 0x0000000087f00000| Untracked 
|  96|0x0000000088000000, 0x0000000088000000, 0x0000000088100000|  0%| F|  |TAMS 0x0000000088000000, 0x0000000088000000| Untracked 
|  97|0x0000000088100000, 0x0000000088100000, 0x0000000088200000|  0%| F|  |TAMS 0x0000000088100000, 0x0000000088100000| Untracked 
|  98|0x0000000088200000, 0x0000000088200000, 0x0000000088300000|  0%| F|  |TAMS 0x0000000088200000, 0x0000000088200000| Untracked 
|  99|0x0000000088300000, 0x0000000088300000, 0x0000000088400000|  0%| F|  |TAMS 0x0000000088300000, 0x0000000088300000| Untracked 
| 100|0x0000000088400000, 0x0000000088400000, 0x0000000088500000|  0%| F|  |TAMS 0x0000000088400000, 0x0000000088400000| Untracked 
| 101|0x0000000088500000, 0x0000000088500000, 0x0000000088600000|  0%| F|  |TAMS 0x0000000088500000, 0x0000000088500000| Untracked 
| 102|0x0000000088600000, 0x0000000088600000, 0x0000000088700000|  0%| F|  |TAMS 0x0000000088600000, 0x0000000088600000| Untracked 
| 103|0x0000000088700000, 0x0000000088700000, 0x0000000088800000|  0%| F|  |TAMS 0x0000000088700000, 0x0000000088700000| Untracked 
| 104|0x0000000088800000, 0x0000000088800000, 0x0000000088900000|  0%| F|  |TAMS 0x0000000088800000, 0x0000000088800000| Untracked 
| 105|0x0000000088900000, 0x0000000088900000, 0x0000000088a00000|  0%| F|  |TAMS 0x0000000088900000, 0x0000000088900000| Untracked 
| 106|0x0000000088a00000, 0x0000000088a00000, 0x0000000088b00000|  0%| F|  |TAMS 0x0000000088a00000, 0x0000000088a00000| Untracked 
| 107|0x0000000088b00000, 0x0000000088b00000, 0x0000000088c00000|  0%| F|  |TAMS 0x0000000088b00000, 0x0000000088b00000| Untracked 
| 108|0x0000000088c00000, 0x0000000088c00000, 0x0000000088d00000|  0%| F|  |TAMS 0x0000000088c00000, 0x0000000088c00000| Untracked 
| 109|0x0000000088d00000, 0x0000000088d00000, 0x0000000088e00000|  0%| F|  |TAMS 0x0000000088d00000, 0x0000000088d00000| Untracked 
| 110|0x0000000088e00000, 0x0000000088e00000, 0x0000000088f00000|  0%| F|  |TAMS 0x0000000088e00000, 0x0000000088e00000| Untracked 
| 111|0x0000000088f00000, 0x0000000088f00000, 0x0000000089000000|  0%| F|  |TAMS 0x0000000088f00000, 0x0000000088f00000| Untracked 
| 112|0x0000000089000000, 0x0000000089000000, 0x0000000089100000|  0%| F|  |TAMS 0x0000000089000000, 0x0000000089000000| Untracked 
| 113|0x0000000089100000, 0x0000000089100000, 0x0000000089200000|  0%| F|  |TAMS 0x0000000089100000, 0x0000000089100000| Untracked 
| 114|0x0000000089200000, 0x0000000089200000, 0x0000000089300000|  0%| F|  |TAMS 0x0000000089200000, 0x0000000089200000| Untracked 
| 115|0x0000000089300000, 0x0000000089300000, 0x0000000089400000|  0%| F|  |TAMS 0x0000000089300000, 0x0000000089300000| Untracked 
| 116|0x0000000089400000, 0x0000000089400000, 0x0000000089500000|  0%| F|  |TAMS 0x0000000089400000, 0x0000000089400000| Untracked 
| 117|0x0000000089500000, 0x0000000089500000, 0x0000000089600000|  0%| F|  |TAMS 0x0000000089500000, 0x0000000089500000| Untracked 
| 118|0x0000000089600000, 0x0000000089600000, 0x0000000089700000|  0%| F|  |TAMS 0x0000000089600000, 0x0000000089600000| Untracked 
| 119|0x0000000089700000, 0x0000000089700000, 0x0000000089800000|  0%| F|  |TAMS 0x0000000089700000, 0x0000000089700000| Untracked 
| 120|0x0000000089800000, 0x0000000089843110, 0x0000000089900000| 26%| E|  |TAMS 0x0000000089800000, 0x0000000089800000| Complete 
| 121|0x0000000089900000, 0x0000000089a00000, 0x0000000089a00000|100%| E|CS|TAMS 0x0000000089900000, 0x0000000089900000| Complete 
| 122|0x0000000089a00000, 0x0000000089b00000, 0x0000000089b00000|100%| E|CS|TAMS 0x0000000089a00000, 0x0000000089a00000| Complete 
| 123|0x0000000089b00000, 0x0000000089c00000, 0x0000000089c00000|100%| E|CS|TAMS 0x0000000089b00000, 0x0000000089b00000| Complete 
| 124|0x0000000089c00000, 0x0000000089d00000, 0x0000000089d00000|100%| E|CS|TAMS 0x0000000089c00000, 0x0000000089c00000| Complete 
| 125|0x0000000089d00000, 0x0000000089e00000, 0x0000000089e00000|100%| E|CS|TAMS 0x0000000089d00000, 0x0000000089d00000| Complete 

Card table byte_map: [0x000001cb1eaf0000,0x000001cb1eee0000] _byte_map_base: 0x000001cb1e6e0000

Marking Bits (Prev, Next): (CMBitMap*) 0x000001cb0c096050, (CMBitMap*) 0x000001cb0c096090
 Prev Bits: [0x000001cb1f2d0000, 0x000001cb21250000)
 Next Bits: [0x000001cb21250000, 0x000001cb231d0000)

Polling page: 0x000001cb0b820000

Metaspace:

Usage:
  Non-class:      9.36 MB used.
      Class:    987.67 KB used.
       Both:     10.32 MB used.

Virtual space:
  Non-class space:       16.00 MB reserved,       9.44 MB ( 59%) committed,  2 nodes.
      Class space:        1.00 GB reserved,       1.00 MB ( <1%) committed,  1 nodes.
             Both:        1.02 GB reserved,      10.44 MB (  1%) committed. 

Chunk freelists:
   Non-Class:  2.47 MB
       Class:  3.01 MB
        Both:  5.48 MB

MaxMetaspaceSize: unlimited
CompressedClassSpaceSize: 1.00 GB
Initial GC threshold: 21.00 MB
Current GC threshold: 21.00 MB
CDS: off
MetaspaceReclaimPolicy: balanced
 - commit_granule_bytes: 65536.
 - commit_granule_words: 8192.
 - virtual_space_node_default_size: 1048576.
 - enlarge_chunks_in_place: 1.
 - new_chunks_are_fully_committed: 0.
 - uncommit_free_chunks: 1.
 - use_allocation_guard: 0.
 - handle_deallocations: 1.


Internal statistics:

num_allocs_failed_limit: 0.
num_arena_births: 82.
num_arena_deaths: 0.
num_vsnodes_births: 3.
num_vsnodes_deaths: 0.
num_space_committed: 167.
num_space_uncommitted: 0.
num_chunks_returned_to_freelist: 0.
num_chunks_taken_from_freelist: 127.
num_chunk_merges: 0.
num_chunk_splits: 66.
num_chunks_enlarged: 25.
num_purges: 0.
num_inconsistent_stats: 0.

CodeHeap 'non-profiled nmethods': size=120000Kb used=167Kb max_used=167Kb free=119832Kb
 bounds [0x000001cb171d0000, 0x000001cb17440000, 0x000001cb1e700000]
CodeHeap 'profiled nmethods': size=120000Kb used=747Kb max_used=747Kb free=119252Kb
 bounds [0x000001cb0fca0000, 0x000001cb0ff10000, 0x000001cb171d0000]
CodeHeap 'non-nmethods': size=5760Kb used=1182Kb max_used=1188Kb free=4577Kb
 bounds [0x000001cb0f700000, 0x000001cb0f970000, 0x000001cb0fca0000]
 total_blobs=1026 nmethods=545 adapters=394
 compilation: enabled
              stopped_count=0, restarted_count=0
 full_count=0

Compilation events (20 events):
Event: 1.006 Thread 0x000001cb26005030  536       3       java.lang.StringConcatHelper::checkOverflow (17 bytes)
Event: 1.006 Thread 0x000001cb26005030 nmethod 536 0x000001cb0fd58590 code [0x000001cb0fd58740, 0x000001cb0fd58928]
Event: 1.006 Thread 0x000001cb26005030  537       3       java.lang.StringLatin1::getChar (9 bytes)
Event: 1.006 Thread 0x000001cb26005030 nmethod 537 0x000001cb0fd58a10 code [0x000001cb0fd58ba0, 0x000001cb0fd58cb8]
Event: 1.006 Thread 0x000001cb26005030  538       3       java.lang.String::compareTo (9 bytes)
Event: 1.006 Thread 0x000001cb26005030 nmethod 538 0x000001cb0fd58d90 code [0x000001cb0fd58f40, 0x000001cb0fd59168]
Event: 1.006 Thread 0x000001cb26005030  540       3       java.lang.StringLatin1::compareTo (52 bytes)
Event: 1.007 Thread 0x000001cb26005030 nmethod 540 0x000001cb0fd59210 code [0x000001cb0fd593e0, 0x000001cb0fd597b8]
Event: 1.007 Thread 0x000001cb26005030  541       3       java.lang.StringLatin1::compareTo (14 bytes)
Event: 1.007 Thread 0x000001cb26005030 nmethod 541 0x000001cb0fd59990 code [0x000001cb0fd59b40, 0x000001cb0fd59c68]
Event: 1.007 Thread 0x000001cb26005030  539       3       java.lang.String::compareTo (63 bytes)
Event: 1.007 Thread 0x000001cb26005030 nmethod 539 0x000001cb0fd59d90 code [0x000001cb0fd59fa0, 0x000001cb0fd5a438]
Event: 1.007 Thread 0x000001cb26005030  542       3       java.util.AbstractSet::<init> (5 bytes)
Event: 1.007 Thread 0x000001cb26005030 nmethod 542 0x000001cb0fd5a610 code [0x000001cb0fd5a7c0, 0x000001cb0fd5a978]
Event: 1.007 Thread 0x000001cb26005030  543       1       java.util.concurrent.atomic.AtomicInteger::get (5 bytes)
Event: 1.007 Thread 0x000001cb26005030 nmethod 543 0x000001cb171f9990 code [0x000001cb171f9b20, 0x000001cb171f9bf8]
Event: 1.007 Thread 0x000001cb26005030  544       3       java.util.IdentityHashMap$IdentityHashMapIterator::hasNext (50 bytes)
Event: 1.008 Thread 0x000001cb26005030 nmethod 544 0x000001cb0fd5aa90 code [0x000001cb0fd5ac40, 0x000001cb0fd5ae98]
Event: 1.008 Thread 0x000001cb26005030  545       1       java.util.ArrayList::size (5 bytes)
Event: 1.008 Thread 0x000001cb26005030 nmethod 545 0x000001cb171f9c90 code [0x000001cb171f9e20, 0x000001cb171f9ef8]

GC Heap History (0 events):
No events

Deoptimization events (12 events):
Event: 0.699 Thread 0x000001cb0c03de90 Uncommon trap: trap_request=0xffffff45 fr.pc=0x000001cb171e021c relative=0x000000000000045c
Event: 0.699 Thread 0x000001cb0c03de90 Uncommon trap: reason=unstable_if action=reinterpret pc=0x000001cb171e021c method=java.lang.StringLatin1.replace([BCC)Ljava/lang/String; @ 19 c2
Event: 0.700 Thread 0x000001cb0c03de90 DEOPT PACKING pc=0x000001cb171e021c sp=0x0000007b848feeb0
Event: 0.700 Thread 0x000001cb0c03de90 DEOPT UNPACKING pc=0x000001cb0f7523a3 sp=0x0000007b848fee30 mode 2
Event: 0.720 Thread 0x000001cb0c03de90 Uncommon trap: trap_request=0xffffff45 fr.pc=0x000001cb171dd2dc relative=0x000000000000005c
Event: 0.720 Thread 0x000001cb0c03de90 Uncommon trap: reason=unstable_if action=reinterpret pc=0x000001cb171dd2dc method=java.lang.String.isLatin1()Z @ 10 c2
Event: 0.720 Thread 0x000001cb0c03de90 DEOPT PACKING pc=0x000001cb171dd2dc sp=0x0000007b848fe850
Event: 0.720 Thread 0x000001cb0c03de90 DEOPT UNPACKING pc=0x000001cb0f7523a3 sp=0x0000007b848fe7e0 mode 2
Event: 0.721 Thread 0x000001cb0c03de90 Uncommon trap: trap_request=0xffffff45 fr.pc=0x000001cb171d8df8 relative=0x0000000000000078
Event: 0.721 Thread 0x000001cb0c03de90 Uncommon trap: reason=unstable_if action=reinterpret pc=0x000001cb171d8df8 method=java.lang.String.isLatin1()Z @ 10 c2
Event: 0.721 Thread 0x000001cb0c03de90 DEOPT PACKING pc=0x000001cb171d8df8 sp=0x0000007b848ff250
Event: 0.721 Thread 0x000001cb0c03de90 DEOPT UNPACKING pc=0x000001cb0f7523a3 sp=0x0000007b848ff190 mode 2

Classes unloaded (0 events):
No events

Classes redefined (0 events):
No events

Internal exceptions (9 events):
Event: 0.656 Thread 0x000001cb0c03de90 Exception <a 'java/lang/NoSuchMethodError'{0x0000000089b71ea0}: 'void java.lang.invoke.DirectMethodHandle$Holder.invokeSpecial(java.lang.Object, java.lang.Object, java.lang.Object)'> (0x0000000089b71ea0) 
thrown [e:\jenkins\tmp\workspace\build\src\src\hotspot\share\interpreter\linkResolver.cpp, line 766]
Event: 0.672 Thread 0x000001cb0c03de90 Exception <a 'java/lang/NoSuchMethodError'{0x0000000089b88648}: 'void java.lang.invoke.DirectMethodHandle$Holder.invokeSpecial(java.lang.Object, java.lang.Object, java.lang.Object, java.lang.Object, java.lang.Object)'> (0x0000000089b88648) 
thrown [e:\jenkins\tmp\workspace\build\src\src\hotspot\share\interpreter\linkResolver.cpp, line 766]
Event: 0.680 Thread 0x000001cb0c03de90 Exception <a 'java/lang/NoSuchMethodError'{0x0000000089b9b338}: 'java.lang.Object java.lang.invoke.DirectMethodHandle$Holder.invokeInterface(java.lang.Object, java.lang.Object)'> (0x0000000089b9b338) 
thrown [e:\jenkins\tmp\workspace\build\src\src\hotspot\share\interpreter\linkResolver.cpp, line 766]
Event: 0.681 Thread 0x000001cb0c03de90 Exception <a 'java/lang/IncompatibleClassChangeError'{0x0000000089b9e888}: Found class java.lang.Object, but interface was expected> (0x0000000089b9e888) 
thrown [e:\jenkins\tmp\workspace\build\src\src\hotspot\share\interpreter\linkResolver.cpp, line 833]
Event: 0.682 Thread 0x000001cb0c03de90 Exception <a 'java/lang/NoSuchMethodError'{0x0000000089ba1650}: 'void java.lang.invoke.DirectMethodHandle$Holder.invokeStatic(java.lang.Object, java.lang.Object, java.lang.Object, java.lang.Object)'> (0x0000000089ba1650) 
thrown [e:\jenkins\tmp\workspace\build\src\src\hotspot\share\interpreter\linkResolver.cpp, line 766]
Event: 0.795 Thread 0x000001cb0c03de90 Exception <a 'java/lang/ClassNotFoundException'{0x0000000089a46be0}: sun/awt/resources/spi/awtProvider> (0x0000000089a46be0) 
thrown [e:\jenkins\tmp\workspace\build\src\src\hotspot\share\classfile\systemDictionary.cpp, line 256]
Event: 0.874 Thread 0x000001cb0c03de90 Exception <a 'java/io/FileNotFoundException'{0x0000000089a9a3a8}> (0x0000000089a9a3a8) 
thrown [e:\jenkins\tmp\workspace\build\src\src\hotspot\share\prims\jni.cpp, line 516]
Event: 0.883 Thread 0x000001cb0c03de90 Exception <a 'java/io/FileNotFoundException'{0x0000000089ac7318}> (0x0000000089ac7318) 
thrown [e:\jenkins\tmp\workspace\build\src\src\hotspot\share\prims\jni.cpp, line 516]
Event: 0.942 Thread 0x000001cb0c03de90 Exception <a 'java/lang/NoSuchMethodError'{0x0000000089922818}: 'java.lang.Object java.lang.invoke.DirectMethodHandle$Holder.invokeStaticInit(java.lang.Object)'> (0x0000000089922818) 
thrown [e:\jenkins\tmp\workspace\build\src\src\hotspot\share\interpreter\linkResolver.cpp, line 766]

VM Operations (2 events):
Event: 0.559 Executing VM operation: HandshakeAllThreads
Event: 0.559 Executing VM operation: HandshakeAllThreads done

Events (20 events):
Event: 1.007 loading class java/util/IdentityHashMap$ValueIterator
Event: 1.007 loading class java/util/IdentityHashMap$ValueIterator done
Event: 1.008 loading class sun/swing/SwingUtilities2
Event: 1.008 loading class sun/swing/SwingUtilities2 done
Event: 1.009 loading class java/awt/font/FontRenderContext
Event: 1.009 loading class java/awt/font/FontRenderContext done
Event: 1.009 loading class sun/swing/StringUIClientPropertyKey
Event: 1.009 loading class javax/swing/UIClientPropertyKey
Event: 1.009 loading class javax/swing/UIClientPropertyKey done
Event: 1.009 loading class sun/swing/StringUIClientPropertyKey done
Event: 1.009 loading class sun/swing/SwingUtilities2$LSBCacheEntry
Event: 1.009 loading class sun/swing/SwingUtilities2$LSBCacheEntry done
Event: 1.009 loading class javax/swing/UIManager$LAFState
Event: 1.009 loading class javax/swing/UIManager$LAFState done
Event: 1.009 loading class javax/swing/UIDefaults
Event: 1.009 loading class javax/swing/UIDefaults done
Event: 1.009 loading class javax/swing/MultiUIDefaults
Event: 1.009 loading class javax/swing/MultiUIDefaults done
Event: 1.009 loading class sun/swing/SwingAccessor$UIDefaultsAccessor
Event: 1.009 loading class sun/swing/SwingAccessor$UIDefaultsAccessor done


Dynamic libraries:
0x00007ff77b450000 - 0x00007ff77b45e000 	C:\Users\Shivani Gupta\.p2\pool\plugins\org.eclipse.justj.openjdk.hotspot.jre.full.win32.x86_64_17.0.3.v20220515-1416\jre\bin\javaw.exe
0x00007ffc30a10000 - 0x00007ffc30c08000 	C:\Windows\SYSTEM32\ntdll.dll
0x00007ffc2f520000 - 0x00007ffc2f5dd000 	C:\Windows\System32\KERNEL32.DLL
0x00007ffc2e180000 - 0x00007ffc2e44e000 	C:\Windows\System32\KERNELBASE.dll
0x00007ffc2e450000 - 0x00007ffc2e550000 	C:\Windows\System32\ucrtbase.dll
0x00007ffc29520000 - 0x00007ffc29538000 	C:\Users\Shivani Gupta\.p2\pool\plugins\org.eclipse.justj.openjdk.hotspot.jre.full.win32.x86_64_17.0.3.v20220515-1416\jre\bin\jli.dll
0x00007ffc2eba0000 - 0x00007ffc2ed40000 	C:\Windows\System32\USER32.dll
0x00007ffc2e7e0000 - 0x00007ffc2e802000 	C:\Windows\System32\win32u.dll
0x00007ffc2f3e0000 - 0x00007ffc2f40a000 	C:\Windows\System32\GDI32.dll
0x00007ffc2e960000 - 0x00007ffc2ea6b000 	C:\Windows\System32\gdi32full.dll
0x00007ffc2e8c0000 - 0x00007ffc2e95d000 	C:\Windows\System32\msvcp_win.dll
0x00007ffc268c0000 - 0x00007ffc268d9000 	C:\Users\Shivani Gupta\.p2\pool\plugins\org.eclipse.justj.openjdk.hotspot.jre.full.win32.x86_64_17.0.3.v20220515-1416\jre\bin\VCRUNTIME140.dll
0x00007ffc2d4e0000 - 0x00007ffc2d77a000 	C:\Windows\WinSxS\amd64_microsoft.windows.common-controls_6595b64144ccf1df_6.0.19041.1110_none_60b5254171f9507e\COMCTL32.dll
0x00007ffc2f420000 - 0x00007ffc2f4be000 	C:\Windows\System32\msvcrt.dll
0x00007ffc2f5f0000 - 0x00007ffc2f620000 	C:\Windows\System32\IMM32.DLL
0x00007ffc29500000 - 0x00007ffc2950c000 	C:\Users\Shivani Gupta\.p2\pool\plugins\org.eclipse.justj.openjdk.hotspot.jre.full.win32.x86_64_17.0.3.v20220515-1416\jre\bin\vcruntime140_1.dll
0x00007ffc0af40000 - 0x00007ffc0afd1000 	C:\Users\Shivani Gupta\.p2\pool\plugins\org.eclipse.justj.openjdk.hotspot.jre.full.win32.x86_64_17.0.3.v20220515-1416\jre\bin\msvcp140.dll
0x00007ffbf5c60000 - 0x00007ffbf68a8000 	C:\Users\Shivani Gupta\.p2\pool\plugins\org.eclipse.justj.openjdk.hotspot.jre.full.win32.x86_64_17.0.3.v20220515-1416\jre\bin\server\jvm.dll
0x00007ffc2ea70000 - 0x00007ffc2eb1e000 	C:\Windows\System32\ADVAPI32.dll
0x00007ffc2feb0000 - 0x00007ffc2ff4c000 	C:\Windows\System32\sechost.dll
0x00007ffc2eda0000 - 0x00007ffc2eec5000 	C:\Windows\System32\RPCRT4.dll
0x00007ffc2f410000 - 0x00007ffc2f418000 	C:\Windows\System32\PSAPI.DLL
0x00007ffc26bc0000 - 0x00007ffc26bc9000 	C:\Windows\SYSTEM32\WSOCK32.dll
0x00007ffc30960000 - 0x00007ffc309cb000 	C:\Windows\System32\WS2_32.dll
0x00007ffc11f50000 - 0x00007ffc11f77000 	C:\Windows\SYSTEM32\WINMM.dll
0x00007ffc27b30000 - 0x00007ffc27b3a000 	C:\Windows\SYSTEM32\VERSION.dll
0x00007ffc2c370000 - 0x00007ffc2c382000 	C:\Windows\SYSTEM32\kernel.appcore.dll
0x00007ffc26bb0000 - 0x00007ffc26bba000 	C:\Users\Shivani Gupta\.p2\pool\plugins\org.eclipse.justj.openjdk.hotspot.jre.full.win32.x86_64_17.0.3.v20220515-1416\jre\bin\jimage.dll
0x00007ffc2da60000 - 0x00007ffc2dc44000 	C:\Windows\SYSTEM32\DBGHELP.DLL
0x00007ffc2d890000 - 0x00007ffc2d8bc000 	C:\Windows\SYSTEM32\dbgcore.DLL
0x00007ffc2e750000 - 0x00007ffc2e7d2000 	C:\Windows\System32\bcryptPrimitives.dll
0x00007ffc26a70000 - 0x00007ffc26a95000 	C:\Users\Shivani Gupta\.p2\pool\plugins\org.eclipse.justj.openjdk.hotspot.jre.full.win32.x86_64_17.0.3.v20220515-1416\jre\bin\java.dll
0x00007ffc26a50000 - 0x00007ffc26a68000 	C:\Users\Shivani Gupta\.p2\pool\plugins\org.eclipse.justj.openjdk.hotspot.jre.full.win32.x86_64_17.0.3.v20220515-1416\jre\bin\zip.dll
0x00007ffc30210000 - 0x00007ffc30954000 	C:\Windows\System32\SHELL32.dll
0x00007ffc2bbc0000 - 0x00007ffc2c354000 	C:\Windows\SYSTEM32\windows.storage.dll
0x00007ffc2eed0000 - 0x00007ffc2f224000 	C:\Windows\System32\combase.dll
0x00007ffc2d440000 - 0x00007ffc2d470000 	C:\Windows\SYSTEM32\Wldp.dll
0x00007ffc2ff50000 - 0x00007ffc2fffd000 	C:\Windows\System32\SHCORE.dll
0x00007ffc2eb20000 - 0x00007ffc2eb75000 	C:\Windows\System32\shlwapi.dll
0x00007ffc2e070000 - 0x00007ffc2e08f000 	C:\Windows\SYSTEM32\profapi.dll
0x00007ffc26a30000 - 0x00007ffc26a49000 	C:\Users\Shivani Gupta\.p2\pool\plugins\org.eclipse.justj.openjdk.hotspot.jre.full.win32.x86_64_17.0.3.v20220515-1416\jre\bin\net.dll
0x00007ffc25490000 - 0x00007ffc2559a000 	C:\Windows\SYSTEM32\WINHTTP.dll
0x00007ffc2d310000 - 0x00007ffc2d37a000 	C:\Windows\system32\mswsock.dll
0x00007ffc26a10000 - 0x00007ffc26a25000 	C:\Users\Shivani Gupta\.p2\pool\plugins\org.eclipse.justj.openjdk.hotspot.jre.full.win32.x86_64_17.0.3.v20220515-1416\jre\bin\nio.dll
0x00007ffbea130000 - 0x00007ffbea2be000 	C:\Users\Shivani Gupta\.p2\pool\plugins\org.eclipse.justj.openjdk.hotspot.jre.full.win32.x86_64_17.0.3.v20220515-1416\jre\bin\awt.dll
0x00007ffc2f620000 - 0x00007ffc2f6ed000 	C:\Windows\System32\OLEAUT32.dll
0x00007ffc2b240000 - 0x00007ffc2b2d0000 	C:\Windows\SYSTEM32\apphelp.dll
0x00007ffc2b420000 - 0x00007ffc2b4be000 	C:\Windows\system32\uxtheme.dll
0x00007ffc2f840000 - 0x00007ffc2f955000 	C:\Windows\System32\MSCTF.dll
0x00007ffc2f2b0000 - 0x00007ffc2f3da000 	C:\Windows\System32\ole32.dll
0x00007ffc2b610000 - 0x00007ffc2b63f000 	C:\Windows\system32\DWMAPI.DLL
0x00007ffbfdeb0000 - 0x00007ffbfdfd7000 	C:\Windows\system32\opengl32.dll
0x00007ffbfde40000 - 0x00007ffbfde6c000 	C:\Windows\SYSTEM32\GLU32.dll

dbghelp: loaded successfully - version: 4.0.5 - missing functions: none
symbol engine: initialized successfully - sym options: 0x614 - pdb path: .;C:\Users\Shivani Gupta\.p2\pool\plugins\org.eclipse.justj.openjdk.hotspot.jre.full.win32.x86_64_17.0.3.v20220515-1416\jre\bin;C:\Windows\SYSTEM32;C:\Windows\WinSxS\amd64_microsoft.windows.common-controls_6595b64144ccf1df_6.0.19041.1110_none_60b5254171f9507e;C:\Users\Shivani Gupta\.p2\pool\plugins\org.eclipse.justj.openjdk.hotspot.jre.full.win32.x86_64_17.0.3.v20220515-1416\jre\bin\server

VM Arguments:
jvm_args: -Dfile.encoding=UTF-8 --module-path=F:\MySQLDBconnector\mysql-connector-java-8.0.29\mysql-connector-java-8.0.29.jar -XX:+ShowCodeDetailsInExceptionMessages 
java_command: JavaCrudBookStore
java_class_path (initial): C:\Users\Shivani Gupta\eclipse-workspace\JavaCrudBookStore\bin;F:\rs2xml\rs2xml\rs2xml.jar
Launcher Type: SUN_STANDARD

[Global flags]
     intx CICompilerCount                          = 3                                         {product} {ergonomic}
     uint ConcGCThreads                            = 1                                         {product} {ergonomic}
     uint G1ConcRefinementThreads                  = 4                                         {product} {ergonomic}
   size_t G1HeapRegionSize                         = 1048576                                   {product} {ergonomic}
    uintx GCDrainStackTargetSize                   = 64                                        {product} {ergonomic}
   size_t InitialHeapSize                          = 132120576                                 {product} {ergonomic}
   size_t MarkStackSize                            = 4194304                                   {product} {ergonomic}
   size_t MaxHeapSize                              = 2113929216                                {product} {ergonomic}
   size_t MaxNewSize                               = 1267728384                                {product} {ergonomic}
   size_t MinHeapDeltaBytes                        = 1048576                                   {product} {ergonomic}
   size_t MinHeapSize                              = 8388608                                   {product} {ergonomic}
    uintx NonNMethodCodeHeapSize                   = 5832780                                {pd product} {ergonomic}
    uintx NonProfiledCodeHeapSize                  = 122912730                              {pd product} {ergonomic}
    uintx ProfiledCodeHeapSize                     = 122912730                              {pd product} {ergonomic}
    uintx ReservedCodeCacheSize                    = 251658240                              {pd product} {ergonomic}
     bool SegmentedCodeCache                       = true                                      {product} {ergonomic}
     bool ShowCodeDetailsInExceptionMessages       = true                                   {manageable} {command line}
   size_t SoftMaxHeapSize                          = 2113929216                             {manageable} {ergonomic}
     bool UseCompressedClassPointers               = true                           {product lp64_product} {ergonomic}
     bool UseCompressedOops                        = true                           {product lp64_product} {ergonomic}
     bool UseG1GC                                  = true                                      {product} {ergonomic}
     bool UseLargePagesIndividualAllocation        = false                                  {pd product} {ergonomic}

Logging:
Log output configuration:
 #0: stdout all=warning uptime,level,tags
 #1: stderr all=off uptime,level,tags

Environment Variables:
PATH=C:/Users/Shivani Gupta/.p2/pool/plugins/org.eclipse.justj.openjdk.hotspot.jre.full.win32.x86_64_17.0.3.v20220515-1416/jre/bin/server;C:/Users/Shivani Gupta/.p2/pool/plugins/org.eclipse.justj.openjdk.hotspot.jre.full.win32.x86_64_17.0.3.v20220515-1416/jre/bin;C:\Windows\system32;C:\Windows;C:\Windows\System32\Wbem;C:\Windows\System32\WindowsPowerShell\v1.0\;C:\Windows\System32\OpenSSH\;C:\Program Files\dotnet\;C:\Program Files\Git\cmd;C:\Python310\Scripts\;C:\Python310\;C:\Users\Shivani Gupta\AppData\Local\Microsoft\WindowsApps;;C:\Users\Shivani Gupta\AppData\Local\Programs\Microsoft VS Code\bin;C:\Users\Shivani Gupta\Desktop;
USERNAME=Shivani Gupta
OS=Windows_NT
PROCESSOR_IDENTIFIER=Intel64 Family 6 Model 142 Stepping 10, GenuineIntel



---------------  S Y S T E M  ---------------

OS:
 Windows 10 , 64 bit Build 19041 (10.0.19041.1806)
OS uptime: 0 days 16:31 hours

CPU: total 4 (initial active 4) (4 cores per cpu, 2 threads per core) family 6 model 142 stepping 10 microcode 0xe0, cx8, cmov, fxsr, ht, mmx, 3dnowpref, sse, sse2, sse3, ssse3, sse4.1, sse4.2, popcnt, lzcnt, tsc, tscinvbit, avx, avx2, aes, erms, clmul, bmi1, bmi2, adx, fma, vzeroupper, clflush, clflushopt

Memory: 4k page, system-wide physical 8060M (2537M free)
TotalPageFile size 9340M (AvailPageFile size 1298M)
current process WorkingSet (physical memory assigned to process): 49M, peak: 49M
current process commit charge ("private bytes"): 202M, peak: 202M

vm_info: OpenJDK 64-Bit Server VM (17.0.3+7) for windows-amd64 JRE (17.0.3+7), built on Apr 19 2022 16:55:35 by "" with MS VC++ 16.7 (VS2019)

END.
